*ERROR* 	2018/01/07 - 17:09:28: Db->executeS() must be used only with select, show, explain or describe queries at line 638 in file classes/db/Db.php
*ERROR* 	2018/01/07 - 17:13:39: You have an error in your SQL syntax; check the manual that corresponds to your MySQL server version for the right syntax to use near '' at line 1<br /><br /><pre>CREATE TABLE IF NOT EXISTS ps_do_koszyka (product_id int PRIMARY KEY, user_mail nvarchar(60) PRIMARY KEY</pre> at line 791 in file classes/db/Db.php
*ERROR* 	2018/01/07 - 17:13:58: Multiple primary key defined<br /><br /><pre>CREATE TABLE IF NOT EXISTS ps_do_koszyka (product_id int PRIMARY KEY, user_mail nvarchar(60) PRIMARY KEY)</pre> at line 791 in file classes/db/Db.php
*ERROR* 	2018/01/07 - 17:20:17: Table 'prestashop.ps_20' doesn't exist<br /><br /><pre>INSERT INTO `ps_20` () VALUES ()</pre> at line 791 in file classes/db/Db.php
*ERROR* 	2018/01/07 - 19:05:40: Duplicate entry '0-abdulahmedlokalnysprzedawca@gmail.com' for key 'PRIMARY'<br /><br /><pre>INSERT INTO `ps_do_koszyka` (`product_id`, `user_mail`) VALUES ('', 'abdulahmedlokalnysprzedawca@gmail.com')</pre> at line 791 in file classes/db/Db.php
*ERROR* 	2018/01/07 - 19:05:57: Duplicate entry '0-abdulahmedlokalnysprzedawca@gmail.com' for key 'PRIMARY'<br /><br /><pre>INSERT INTO `ps_do_koszyka` (`product_id`, `user_mail`) VALUES ('', 'abdulahmedlokalnysprzedawca@gmail.com')</pre> at line 791 in file classes/db/Db.php
*ERROR* 	2018/01/07 - 19:07:53: Duplicate entry '0-abdulahmedlokalnysprzedawca@gmail.com' for key 'PRIMARY'<br /><br /><pre>INSERT INTO `ps_do_koszyka` (`product_id`, `user_mail`) VALUES ('', 'abdulahmedlokalnysprzedawca@gmail.com')</pre> at line 791 in file classes/db/Db.php
*ERROR* 	2018/01/07 - 19:08:17: Duplicate entry '0-abdulahmedlokalnysprzedawca@gmail.com' for key 'PRIMARY'<br /><br /><pre>INSERT INTO `ps_do_koszyka` (`product_id`, `user_mail`) VALUES ('', 'abdulahmedlokalnysprzedawca@gmail.com')</pre> at line 791 in file classes/db/Db.php
*ERROR* 	2018/01/07 - 19:08:18: Duplicate entry '0-abdulahmedlokalnysprzedawca@gmail.com' for key 'PRIMARY'<br /><br /><pre>INSERT INTO `ps_do_koszyka` (`product_id`, `user_mail`) VALUES ('', 'abdulahmedlokalnysprzedawca@gmail.com')</pre> at line 791 in file classes/db/Db.php
*ERROR* 	2018/01/07 - 19:08:19: Duplicate entry '0-abdulahmedlokalnysprzedawca@gmail.com' for key 'PRIMARY'<br /><br /><pre>INSERT INTO `ps_do_koszyka` (`product_id`, `user_mail`) VALUES ('', 'abdulahmedlokalnysprzedawca@gmail.com')</pre> at line 791 in file classes/db/Db.php
*ERROR* 	2018/01/07 - 19:08:20: Duplicate entry '0-abdulahmedlokalnysprzedawca@gmail.com' for key 'PRIMARY'<br /><br /><pre>INSERT INTO `ps_do_koszyka` (`product_id`, `user_mail`) VALUES ('', 'abdulahmedlokalnysprzedawca@gmail.com')</pre> at line 791 in file classes/db/Db.php
*ERROR* 	2018/01/07 - 19:08:20: Duplicate entry '0-abdulahmedlokalnysprzedawca@gmail.com' for key 'PRIMARY'<br /><br /><pre>INSERT INTO `ps_do_koszyka` (`product_id`, `user_mail`) VALUES ('', 'abdulahmedlokalnysprzedawca@gmail.com')</pre> at line 791 in file classes/db/Db.php
*ERROR* 	2018/01/07 - 19:08:21: Duplicate entry '0-abdulahmedlokalnysprzedawca@gmail.com' for key 'PRIMARY'<br /><br /><pre>INSERT INTO `ps_do_koszyka` (`product_id`, `user_mail`) VALUES ('', 'abdulahmedlokalnysprzedawca@gmail.com')</pre> at line 791 in file classes/db/Db.php
*ERROR* 	2018/01/07 - 19:08:21: Duplicate entry '0-abdulahmedlokalnysprzedawca@gmail.com' for key 'PRIMARY'<br /><br /><pre>INSERT INTO `ps_do_koszyka` (`product_id`, `user_mail`) VALUES ('', 'abdulahmedlokalnysprzedawca@gmail.com')</pre> at line 791 in file classes/db/Db.php
*ERROR* 	2018/01/07 - 19:08:22: Duplicate entry '0-abdulahmedlokalnysprzedawca@gmail.com' for key 'PRIMARY'<br /><br /><pre>INSERT INTO `ps_do_koszyka` (`product_id`, `user_mail`) VALUES ('', 'abdulahmedlokalnysprzedawca@gmail.com')</pre> at line 791 in file classes/db/Db.php
*ERROR* 	2018/01/07 - 19:08:22: Duplicate entry '0-abdulahmedlokalnysprzedawca@gmail.com' for key 'PRIMARY'<br /><br /><pre>INSERT INTO `ps_do_koszyka` (`product_id`, `user_mail`) VALUES ('', 'abdulahmedlokalnysprzedawca@gmail.com')</pre> at line 791 in file classes/db/Db.php
*ERROR* 	2018/01/07 - 19:08:22: Duplicate entry '0-abdulahmedlokalnysprzedawca@gmail.com' for key 'PRIMARY'<br /><br /><pre>INSERT INTO `ps_do_koszyka` (`product_id`, `user_mail`) VALUES ('', 'abdulahmedlokalnysprzedawca@gmail.com')</pre> at line 791 in file classes/db/Db.php
*ERROR* 	2018/01/07 - 19:08:23: Duplicate entry '0-abdulahmedlokalnysprzedawca@gmail.com' for key 'PRIMARY'<br /><br /><pre>INSERT INTO `ps_do_koszyka` (`product_id`, `user_mail`) VALUES ('', 'abdulahmedlokalnysprzedawca@gmail.com')</pre> at line 791 in file classes/db/Db.php
*ERROR* 	2018/01/07 - 19:08:23: Duplicate entry '0-abdulahmedlokalnysprzedawca@gmail.com' for key 'PRIMARY'<br /><br /><pre>INSERT INTO `ps_do_koszyka` (`product_id`, `user_mail`) VALUES ('', 'abdulahmedlokalnysprzedawca@gmail.com')</pre> at line 791 in file classes/db/Db.php
*ERROR* 	2018/01/07 - 19:08:45: Duplicate entry '0-abdulahmedlokalnysprzedawca@gmail.com' for key 'PRIMARY'<br /><br /><pre>INSERT INTO `ps_do_koszyka` (`product_id`, `user_mail`) VALUES ('', 'abdulahmedlokalnysprzedawca@gmail.com')</pre> at line 791 in file classes/db/Db.php
*ERROR* 	2018/01/07 - 19:12:44: Duplicate entry '0-abdulahmedlokalnysprzedawca@gmail.com' for key 'PRIMARY'<br /><br /><pre>INSERT INTO `ps_do_koszyka` (`product_id`, `user_mail`) VALUES ('', 'abdulahmedlokalnysprzedawca@gmail.com')</pre> at line 791 in file classes/db/Db.php
*ERROR* 	2018/01/07 - 19:18:25: Duplicate entry '0-abdulahmedlokalnysprzedawca@gmail.com' for key 'PRIMARY'<br /><br /><pre>INSERT INTO `ps_do_koszyka` (`product_id`, `user_mail`) VALUES ('', 'abdulahmedlokalnysprzedawca@gmail.com')</pre> at line 791 in file classes/db/Db.php
*ERROR* 	2018/01/07 - 19:18:29: Duplicate entry '0-abdulahmedlokalnysprzedawca@gmail.com' for key 'PRIMARY'<br /><br /><pre>INSERT INTO `ps_do_koszyka` (`product_id`, `user_mail`) VALUES ('', 'abdulahmedlokalnysprzedawca@gmail.com')</pre> at line 791 in file classes/db/Db.php
*ERROR* 	2018/01/07 - 19:18:32: Duplicate entry '0-abdulahmedlokalnysprzedawca@gmail.com' for key 'PRIMARY'<br /><br /><pre>INSERT INTO `ps_do_koszyka` (`product_id`, `user_mail`) VALUES ('', 'abdulahmedlokalnysprzedawca@gmail.com')</pre> at line 791 in file classes/db/Db.php
*ERROR* 	2018/01/07 - 19:18:54: Duplicate entry '0-abdulahmedlokalnysprzedawca@gmail.com' for key 'PRIMARY'<br /><br /><pre>INSERT INTO `ps_do_koszyka` (`product_id`, `user_mail`) VALUES ('', 'abdulahmedlokalnysprzedawca@gmail.com')</pre> at line 791 in file classes/db/Db.php
*ERROR* 	2018/01/07 - 19:20:05: Duplicate entry '0-abdulahmedlokalnysprzedawca@gmail.com' for key 'PRIMARY'<br /><br /><pre>INSERT INTO `ps_do_koszyka` (`product_id`, `user_mail`) VALUES ('', 'abdulahmedlokalnysprzedawca@gmail.com')</pre> at line 791 in file classes/db/Db.php
*ERROR* 	2018/01/07 - 19:25:34: Duplicate entry '0-abdulahmedlokalnysprzedawca@gmail.com' for key 'PRIMARY'<br /><br /><pre>INSERT INTO `ps_do_koszyka` (`product_id`, `user_mail`) VALUES ('', 'abdulahmedlokalnysprzedawca@gmail.com')</pre> at line 791 in file classes/db/Db.php
*ERROR* 	2018/01/07 - 19:25:50: Duplicate entry '0-abdulahmedlokalnysprzedawca@gmail.com' for key 'PRIMARY'<br /><br /><pre>INSERT INTO `ps_do_koszyka` (`product_id`, `user_mail`) VALUES ('', 'abdulahmedlokalnysprzedawca@gmail.com')</pre> at line 791 in file classes/db/Db.php
*ERROR* 	2018/01/07 - 19:29:48: Table 'prestashop.ps_shop_url' doesn't exist<br /><br /><pre>SELECT s.id_shop, CONCAT(su.physical_uri, su.virtual_uri) AS uri, su.domain, su.main
					FROM ps_shop_url su
					LEFT JOIN ps_shop s ON (s.id_shop = su.id_shop)
					WHERE (su.domain = '172.20.83.39' OR su.domain_ssl = '172.20.83.39')
						AND s.active = 1
						AND s.deleted = 0
					ORDER BY LENGTH(CONCAT(su.physical_uri, su.virtual_uri)) DESC</pre> at line 791 in file classes/db/Db.php
*ERROR* 	2018/01/07 - 19:41:39: Identifier name 'ps_do_koszyka WHERE product_id = 20 AND user_mail = lolo@gmail.com' is too long<br /><br /><pre>SELECT * FROM `ps_do_koszyka WHERE product_id = 20 AND user_mail = lolo@gmail.com` LIMIT 1</pre> at line 791 in file classes/db/Db.php
*ERROR* 	2018/01/07 - 19:42:51: You have an error in your SQL syntax; check the manual that corresponds to your MySQL server version for the right syntax to use near '@gmail.com` LIMIT 1' at line 1<br /><br /><pre>SELECT * FROM `ps_do_koszyka` WHERE product_id = 20 AND user_mail = lolo@gmail.com` LIMIT 1</pre> at line 791 in file classes/db/Db.php
*ERROR* 	2018/01/07 - 19:43:24: Unknown column 'lolo@gmail.com' in 'where clause'<br /><br /><pre>SELECT * FROM `ps_do_koszyka` WHERE product_id = 20 AND user_mail = `lolo@gmail.com` LIMIT 1</pre> at line 791 in file classes/db/Db.php
*ERROR* 	2018/01/07 - 19:44:08: You have an error in your SQL syntax; check the manual that corresponds to your MySQL server version for the right syntax to use near '@gmail.com LIMIT 1' at line 1<br /><br /><pre>SELECT * FROM `ps_do_koszyka` WHERE product_id = 20 AND user_mail = lolo@gmail.com LIMIT 1</pre> at line 791 in file classes/db/Db.php
*ERROR* 	2018/01/07 - 19:52:31: Duplicate entry '31-' for key 'PRIMARY'<br /><br /><pre>INSERT INTO `ps_do_koszyka` (`product_id`, `user_mail`) VALUES ('31', '')</pre> at line 791 in file classes/db/Db.php
*ERROR* 	2018/01/07 - 19:53:49: Duplicate entry '31-' for key 'PRIMARY'<br /><br /><pre>INSERT INTO `ps_do_koszyka` (`product_id`, `user_mail`) VALUES ('31', '')</pre> at line 791 in file classes/db/Db.php
*ERROR* 	2018/01/07 - 19:53:58: Duplicate entry '31-' for key 'PRIMARY'<br /><br /><pre>INSERT INTO `ps_do_koszyka` (`product_id`, `user_mail`) VALUES ('31', '')</pre> at line 791 in file classes/db/Db.php
